<?xml version="1.0" encoding="UTF-8"?>
<!-- Generated by org.testng.reporters.JUnitXMLReporter -->
<testsuite hostname="LAPTOP-DI6D2RTE" ignored="2" name="Booking test" tests="3" failures="2" timestamp="2020-03-15T22:19:23 IST" time="59.402" errors="0">
  <testcase name="bookingSearch" time="25.782" classname="user1.BrowserTest"/>
  <testcase name="bookingSearch" time="0.011" classname="user1.BrowserTest">
    <failure type="java.lang.NullPointerException">
      <![CDATA[java.lang.NullPointerException
at user1.BrowserTest.bookingSearch(BrowserTest.java:34)
at java.util.ArrayList.forEach(Unknown Source)
... Removed 27 stack frames]]>
    </failure>
  </testcase> <!-- bookingSearch -->
  <testcase name="searchBar" time="0.001" classname="user1.StaysPageTest">
    <failure type="java.lang.NullPointerException">
      <![CDATA[java.lang.NullPointerException
at pages.StaysPage.setText(StaysPage.java:42)
at user1.StaysPageTest.searchBar(StaysPageTest.java:30)
at java.util.ArrayList.forEach(Unknown Source)
... Removed 27 stack frames]]>
    </failure>
  </testcase> <!-- searchBar -->
  <testcase name="@BeforeSuite setUp" time="0.0" classname="user1.BrowserTest">
    <ignored/>
  </testcase> <!-- @BeforeSuite setUp -->
  <testcase name="@AfterSuite tearDownTest" time="0.0" classname="user1.BrowserTest">
    <ignored/>
  </testcase> <!-- @AfterSuite tearDownTest -->
</testsuite> <!-- Booking test -->
