<?xml version="1.0" encoding="UTF-8"?>
<!-- Generated by org.testng.reporters.JUnitXMLReporter -->
<testsuite hostname="EPINHYDW011F" ignored="0" name="Booking test" tests="3" failures="2" timestamp="2020-03-11T19:19:55 IST" time="19.712" errors="0">
  <testcase name="bookingSearch" time="4.605" classname="user1.BaseTest"/>
  <testcase name="test" time="0.005" classname="utilities.ExtentReportUsingTestNG">
    <failure type="java.lang.NullPointerException">
      <![CDATA[java.lang.NullPointerException
at utilities.ExtentReportUsingTestNG.test(ExtentReportUsingTestNG.java:46)
at java.util.ArrayList.forEach(ArrayList.java:1257)
... Removed 27 stack frames]]>
    </failure>
  </testcase> <!-- test -->
  <testcase name="searchBar" time="0.596" classname="user1.StaysPageTest">
    <failure type="org.testng.internal.reflect.MethodMatcherException" message="
[public void user1.StaysPageTest.searchBar(java.lang.String,java.lang.String,java.lang.String,java.lang.String,java.lang.String,java.lang.String)] has no parameters defined but was found to be using a data provider (either explicitly specified or inherited from class level annotation).
Data provider mismatch
Method: searchBar([Parameter{index=0, type=java.lang.String, declaredAnnotations=[]}, Parameter{index=1, type=java.lang.String, declaredAnnotations=[]}, Parameter{index=2, type=java.lang.String, declaredAnnotations=[]}, Parameter{index=3, type=java.lang.String, declaredAnnotations=[]}, Parameter{index=4, type=java.lang.String, declaredAnnotations=[]}, Parameter{index=5, type=java.lang.String, declaredAnnotations=[]}])
Arguments: [(org.apache.poi.xssf.usermodel.XSSFCell) Hyderabad,(org.apache.poi.xssf.usermodel.XSSFCell) 20-Mar-2020,(org.apache.poi.xssf.usermodel.XSSFCell) 25-Mar-2020,(org.apache.poi.xssf.usermodel.XSSFCell) 2.0,(org.apache.poi.xssf.usermodel.XSSFCell) 2.0,(org.apache.poi.xssf.usermodel.XSSFCell) 2.0]">
      <![CDATA[org.testng.internal.reflect.MethodMatcherException: 
[public void user1.StaysPageTest.searchBar(java.lang.String,java.lang.String,java.lang.String,java.lang.String,java.lang.String,java.lang.String)] has no parameters defined but was found to be using a data provider (either explicitly specified or inherited from class level annotation).
Data provider mismatch
Method: searchBar([Parameter{index=0, type=java.lang.String, declaredAnnotations=[]}, Parameter{index=1, type=java.lang.String, declaredAnnotations=[]}, Parameter{index=2, type=java.lang.String, declaredAnnotations=[]}, Parameter{index=3, type=java.lang.String, declaredAnnotations=[]}, Parameter{index=4, type=java.lang.String, declaredAnnotations=[]}, Parameter{index=5, type=java.lang.String, declaredAnnotations=[]}])
Arguments: [(org.apache.poi.xssf.usermodel.XSSFCell) Hyderabad,(org.apache.poi.xssf.usermodel.XSSFCell) 20-Mar-2020,(org.apache.poi.xssf.usermodel.XSSFCell) 25-Mar-2020,(org.apache.poi.xssf.usermodel.XSSFCell) 2.0,(org.apache.poi.xssf.usermodel.XSSFCell) 2.0,(org.apache.poi.xssf.usermodel.XSSFCell) 2.0]
at java.util.ArrayList.forEach(ArrayList.java:1257)
... Removed 22 stack frames]]>
    </failure>
  </testcase> <!-- searchBar -->
</testsuite> <!-- Booking test -->
